SF:lib\src\asset.dart
DA:27,1
DA:43,1
DA:44,1
DA:45,1
DA:119,1
DA:121,1
DA:122,1
DA:123,1
DA:124,1
DA:125,1
DA:126,1
DA:127,1
DA:128,1
DA:129,1
DA:130,1
DA:131,1
DA:132,1
DA:133,1
DA:134,1
DA:135,1
LF:20
LH:20
end_of_record
SF:lib\src\flare.dart
DA:26,1
DA:45,1
DA:46,1
DA:47,1
DA:48,1
DA:127,1
DA:129,1
DA:130,1
DA:132,1
DA:133,1
DA:135,1
DA:137,1
DA:138,1
DA:139,1
DA:140,1
DA:141,1
DA:142,1
DA:143,1
DA:144,1
DA:145,1
DA:146,1
DA:147,1
DA:148,1
DA:149,1
LF:24
LH:24
end_of_record
SF:lib\src\network.dart
DA:19,1
DA:35,1
DA:36,1
DA:37,1
DA:111,1
DA:113,1
DA:114,1
DA:115,1
DA:116,1
DA:117,1
DA:118,1
DA:119,1
DA:120,1
DA:121,1
DA:122,1
DA:123,1
DA:124,1
DA:125,1
DA:126,1
DA:127,1
LF:20
LH:20
end_of_record
SF:lib\src\base_dialog.dart
DA:6,1
DA:36,1
DA:52,1
DA:69,1
DA:70,1
DA:78,1
DA:79,2
DA:80,1
DA:82,1
DA:83,0
DA:84,1
DA:85,3
DA:86,1
DA:87,0
DA:88,1
DA:89,0
DA:90,1
DA:91,0
DA:92,1
DA:93,0
DA:94,1
DA:95,0
DA:96,1
DA:97,1
DA:101,1
DA:102,3
DA:104,1
DA:106,1
DA:107,1
DA:108,2
DA:110,1
DA:112,1
DA:113,4
DA:114,1
DA:115,1
DA:118,4
DA:119,2
DA:123,1
DA:125,2
DA:126,1
DA:129,1
DA:130,1
DA:132,1
DA:133,1
DA:134,1
DA:135,1
DA:136,3
DA:137,3
DA:141,1
DA:142,1
DA:144,1
DA:145,1
DA:147,2
DA:149,1
DA:151,2
DA:153,1
DA:161,1
DA:162,1
DA:165,1
DA:166,1
DA:167,1
DA:168,1
DA:169,3
DA:170,3
DA:174,1
DA:175,1
DA:177,1
DA:178,1
DA:180,2
DA:182,1
DA:184,2
DA:186,1
DA:194,1
DA:195,1
DA:197,1
DA:198,2
DA:201,1
DA:202,3
DA:203,1
DA:204,2
DA:205,1
DA:206,3
DA:207,2
DA:208,3
DA:209,2
DA:210,1
DA:212,1
DA:216,3
DA:217,1
DA:218,2
DA:219,1
DA:220,3
DA:221,2
DA:222,2
DA:223,1
DA:225,1
DA:234,1
DA:236,3
DA:238,3
DA:239,1
DA:242,1
DA:243,1
DA:244,1
DA:245,4
DA:246,4
DA:250,4
DA:251,4
DA:252,1
DA:254,1
DA:255,3
DA:256,3
DA:258,3
DA:259,3
LF:113
LH:107
end_of_record
